<?xml version="1.0" encoding="UTF-8"?>
<!-- Generated by org.testng.reporters.JUnitXMLReporter -->
<testsuite hostname="EPBYMINW0C45" failures="0" tests="4" name="Suite with YAML" time="9.19" errors="0" timestamp="15 Aug 2021 10:32:28 GMT">
  <testcase classname="classWork.taf.TestClassNg" name="getBookTitleTest" time="5.792"/>
  <testcase classname="classWork.taf.TestClassTwoNg" name="getBookTitleTest" time="5.795"/>
  <testcase classname="classWork.taf.TestClassNg" name="getDemoTitleTest" time="3.122"/>
  <testcase classname="classWork.taf.TestClassTwoNg" name="getDemoTitleTest" time="3.123"/>
</testsuite> <!-- Suite with YAML -->
