<?xml version="1.0" encoding="UTF-8"?>
<!-- Generated by org.testng.reporters.JUnitXMLReporter -->
<testsuite hostname="EPBYMINW0C45" failures="0" tests="4" name="Test Class" time="8.444" errors="0" timestamp="15 Aug 2021 10:21:15 GMT">
  <testcase classname="classWork.taf.TestClassNg" name="getBookTitleTest" time="3.403"/>
  <testcase classname="classWork.taf.TestClassNg" name="getDemoTitleTest" time="2.952"/>
  <testcase classname="classWork.taf.TestClassTwoNg" name="getBookTitleTest" time="1.319"/>
  <testcase classname="classWork.taf.TestClassTwoNg" name="getDemoTitleTest" time="0.5"/>
</testsuite> <!-- Test Class -->
